<?xml version="1.0" encoding="UTF-8"?>
<!-- Generated by org.testng.reporters.JUnitReportReporter -->
<testsuite hostname="LAPTOP-GTNQ5U33" failures="0" tests="1" name="Tests.LoginTest" time="37.014" errors="0" timestamp="2023-05-15T20:01:09 IST" skipped="0">
  <testcase classname="Tests.LoginTest" name="LoginTestMethod" time="37.014"/>
  <system-out/>
</testsuite> <!-- Tests.LoginTest -->
