<?xml version="1.0" encoding="UTF-8"?>
<!-- Generated by org.testng.reporters.JUnitReportReporter -->
<testsuite hostname="LAPTOP-GTNQ5U33" failures="0" tests="1" name="Tests.NavigationBarHomePageTestClass" time="11.168" errors="0" timestamp="2023-05-15T20:44:34 IST" skipped="0">
  <testcase classname="Tests.NavigationBarHomePageTestClass" name="TestHomePageNavigationBar" time="11.168"/>
  <system-out/>
</testsuite> <!-- Tests.NavigationBarHomePageTestClass -->
