<?xml version="1.0" encoding="UTF-8"?>
<!-- Generated by org.testng.reporters.JUnitReportReporter -->
<testsuite hostname="LAPTOP-GTNQ5U33" failures="0" tests="1" name="Tests.PaymentGatewayUseCase" time="39.832" errors="0" timestamp="2023-05-15T20:50:22 IST" skipped="0">
  <testcase classname="Tests.PaymentGatewayUseCase" name="productSearchAndProceedToPaymentGateway" time="39.832"/>
  <system-out/>
</testsuite> <!-- Tests.PaymentGatewayUseCase -->
