<?xml version="1.0" encoding="UTF-8"?>
<!-- Generated by org.testng.reporters.JUnitReportReporter -->
<testsuite hostname="LAPTOP-GTNQ5U33" failures="0" tests="1" name="Tests.PaymentGatewayUseCase" time="28.451" errors="0" timestamp="2023-05-15T16:46:09 IST" skipped="0">
  <testcase classname="Tests.PaymentGatewayUseCase" name="productSearchAndProceedToPaymentGateway" time="28.451"/>
  <system-out/>
</testsuite> <!-- Tests.PaymentGatewayUseCase -->
