<?xml version="1.0" encoding="UTF-8"?>
<!-- Generated by org.testng.reporters.JUnitReportReporter -->
<testsuite hostname="LAPTOP-GTNQ5U33" failures="0" tests="1" name="Tests.productSearchUseCase" time="46.851" errors="0" timestamp="2023-05-15T20:58:59 IST" skipped="0">
  <testcase classname="Tests.productSearchUseCase" name="productSearchUseCaseTest" time="46.851"/>
  <system-out/>
</testsuite> <!-- Tests.productSearchUseCase -->
