<?xml version="1.0" encoding="UTF-8"?>
<!-- Generated by org.testng.reporters.JUnitReportReporter -->
<testsuite hostname="LAPTOP-GTNQ5U33" failures="0" tests="1" name="Tests.LaunchBrowserTest" time="2.410" errors="0" timestamp="2023-05-15T17:39:14 IST" skipped="0">
  <testcase classname="Tests.LaunchBrowserTest" name="LaunchTestMeAppMethod" time="2.410"/>
  <system-out/>
</testsuite> <!-- Tests.LaunchBrowserTest -->
