<?xml version="1.0" encoding="UTF-8"?>
<!-- Generated by org.testng.reporters.JUnitReportReporter -->
<testsuite hostname="LAPTOP-GTNQ5U33" failures="0" tests="1" name="Tests.LaunchBrowserTest" time="8.081" errors="0" timestamp="2023-05-15T21:44:05 IST" skipped="0">
  <testcase classname="Tests.LaunchBrowserTest" name="LaunchTestMeAppMethod" time="8.081"/>
  <system-out/>
</testsuite> <!-- Tests.LaunchBrowserTest -->
