<?xml version="1.0" encoding="UTF-8"?>
<!-- Generated by org.testng.reporters.JUnitReportReporter -->
<testsuite hostname="LAPTOP-GTNQ5U33" failures="0" tests="1" name="Tests.RegisterNewUserTest" time="49.240" errors="0" timestamp="2023-05-15T16:36:05 IST" skipped="0">
  <testcase classname="Tests.RegisterNewUserTest" name="RegisterUser" time="49.240"/>
  <system-out/>
</testsuite> <!-- Tests.RegisterNewUserTest -->
