<?xml version="1.0" encoding="UTF-8"?>
<!-- Generated by org.testng.reporters.JUnitReportReporter -->
<testsuite hostname="LAPTOP-GTNQ5U33" failures="0" tests="1" name="Tests.ForgotPasswordTestClass" time="43.381" errors="0" timestamp="2023-05-15T15:58:38 IST" skipped="0">
  <testcase classname="Tests.ForgotPasswordTestClass" name="forgotPasswordTestMethod" time="43.381"/>
  <system-out/>
</testsuite> <!-- Tests.ForgotPasswordTestClass -->
