<?xml version="1.0" encoding="UTF-8"?>
<!-- Generated by org.testng.reporters.JUnitReportReporter -->
<testsuite hostname="LAPTOP-GTNQ5U33" failures="0" tests="1" name="Tests.SearchProducWithoutLogin" time="26.207" errors="0" timestamp="2023-05-15T16:50:41 IST" skipped="0">
  <testcase classname="Tests.SearchProducWithoutLogin" name="SearchProductWithoutLoginTestMethod" time="26.207"/>
  <system-out/>
</testsuite> <!-- Tests.SearchProducWithoutLogin -->
