<?xml version="1.0" encoding="UTF-8"?>
<!-- Generated by org.testng.reporters.JUnitReportReporter -->
<testsuite hostname="LAPTOP-GTNQ5U33" failures="0" tests="1" name="Tests.productSearchUseCase" time="34.494" errors="0" timestamp="2023-05-15T16:49:15 IST" skipped="0">
  <testcase classname="Tests.productSearchUseCase" name="productSearchUseCaseTest" time="34.494"/>
  <system-out/>
</testsuite> <!-- Tests.productSearchUseCase -->
