<?xml version="1.0" encoding="UTF-8"?>
<!-- Generated by org.testng.reporters.JUnitReportReporter -->
<testsuite hostname="LAPTOP-GTNQ5U33" failures="0" tests="1" name="Tests.LoginTest" time="29.771" errors="0" timestamp="2023-05-15T16:04:31 IST" skipped="0">
  <testcase classname="Tests.LoginTest" name="LoginTestMethod" time="29.771"/>
  <system-out/>
</testsuite> <!-- Tests.LoginTest -->
